[   47040ms] [ERROR] Access to image at 'https://billetterie.micou.org/favicon.ico' from origin 'https://micou.org' has been blocked by CORS policy: Permission was denied for this request to access the `loopback` address space. @ https://micou.org/:0
[   47040ms] [ERROR] Failed to load resource: net::ERR_FAILED @ https://billetterie.micou.org/favicon.ico:0
[   47040ms] [ERROR] Access to image at 'https://orga.micou.org/favicon.ico' from origin 'https://micou.org' has been blocked by CORS policy: Permission was denied for this request to access the `loopback` address space. @ https://micou.org/:0
[   47041ms] [ERROR] Failed to load resource: net::ERR_FAILED @ https://orga.micou.org/favicon.ico:0
[   79638ms] [ERROR] Access to image at 'https://write.micou.org/favicon.ico' from origin 'https://micou.org' has been blocked by CORS policy: Permission was denied for this request to access the `loopback` address space. @ https://micou.org/:0
[   79638ms] [ERROR] Failed to load resource: net::ERR_FAILED @ https://write.micou.org/favicon.ico:0
[   79638ms] [ERROR] Access to image at 'https://yt.micou.org/favicon.ico' from origin 'https://micou.org' has been blocked by CORS policy: Permission was denied for this request to access the `loopback` address space. @ https://micou.org/:0
[   79638ms] [ERROR] Failed to load resource: net::ERR_FAILED @ https://yt.micou.org/favicon.ico:0
[   79638ms] [ERROR] Access to image at 'https://y.micou.org/favicon.ico' from origin 'https://micou.org' has been blocked by CORS policy: Permission was denied for this request to access the `loopback` address space. @ https://micou.org/:0
[   79638ms] [ERROR] Failed to load resource: net::ERR_FAILED @ https://y.micou.org/favicon.ico:0
[   79653ms] [ERROR] Access to image at 'https://read.micou.org/favicon.ico' from origin 'https://micou.org' has been blocked by CORS policy: Permission was denied for this request to access the `loopback` address space. @ https://micou.org/:0
[   79653ms] [ERROR] Failed to load resource: net::ERR_FAILED @ https://read.micou.org/favicon.ico:0
[   79670ms] [ERROR] Access to image at 'https://convert.micou.org/favicon.ico' from origin 'https://micou.org' has been blocked by CORS policy: Permission was denied for this request to access the `loopback` address space. @ https://micou.org/:0
[   79671ms] [ERROR] Failed to load resource: net::ERR_FAILED @ https://convert.micou.org/favicon.ico:0
[   79700ms] [ERROR] Access to image at 'https://grammaire.micou.org/favicon.ico' from origin 'https://micou.org' has been blocked by CORS policy: Permission was denied for this request to access the `loopback` address space. @ https://micou.org/:0
[   79700ms] [ERROR] Failed to load resource: net::ERR_FAILED @ https://grammaire.micou.org/favicon.ico:0
[   79724ms] [ERROR] Access to image at 'https://send.micou.org/favicon.ico' from origin 'https://micou.org' has been blocked by CORS policy: Permission was denied for this request to access the `loopback` address space. @ https://micou.org/:0
[   79724ms] [ERROR] Failed to load resource: net::ERR_FAILED @ https://send.micou.org/favicon.ico:0
[   79724ms] [ERROR] Access to image at 'https://qr.micou.org/favicon.ico' from origin 'https://micou.org' has been blocked by CORS policy: Permission was denied for this request to access the `loopback` address space. @ https://micou.org/:0
[   79724ms] [ERROR] Failed to load resource: net::ERR_FAILED @ https://qr.micou.org/favicon.ico:0
